{"contracts\\School.sol":{"l":{"32":6,"37":4,"38":4,"39":4,"40":4,"41":4,"42":4,"43":4,"50":1,"51":3,"64":2,"65":2,"66":2,"68":2,"69":5,"70":5,"71":5,"73":2,"85":2,"86":2,"93":5,"99":1,"103":16,"110":13,"111":10},"path":"C:\\Projects\\Web3\\Blockgames\\Voting\\packages\\hardhat\\contracts\\School.sol","s":{"1":6,"2":4,"3":4,"4":4,"5":4,"6":4,"7":4,"8":1,"9":3,"10":2,"11":2,"12":2,"13":2,"14":5,"15":5,"16":5,"17":2,"18":2,"19":2,"20":5,"21":1,"22":16,"23":13},"b":{"1":[10,3]},"f":{"1":6,"2":4,"3":1,"4":2,"5":2,"6":5,"7":1,"8":16,"9":13},"fnMap":{"1":{"name":"constructor","line":31,"loc":{"start":{"line":31,"column":2},"end":{"line":33,"column":2}}},"2":{"name":"addStakeholder","line":36,"loc":{"start":{"line":36,"column":2},"end":{"line":45,"column":2}}},"3":{"name":"addStakeholders","line":48,"loc":{"start":{"line":48,"column":2},"end":{"line":53,"column":2}}},"4":{"name":"getStakeholders","line":56,"loc":{"start":{"line":56,"column":2},"end":{"line":74,"column":2}}},"5":{"name":"getStakeholder","line":77,"loc":{"start":{"line":77,"column":2},"end":{"line":87,"column":2}}},"6":{"name":"assignRole","line":92,"loc":{"start":{"line":92,"column":2},"end":{"line":94,"column":2}}},"7":{"name":"revokeRole","line":98,"loc":{"start":{"line":98,"column":2},"end":{"line":100,"column":2}}},"8":{"name":"hasRole","line":102,"loc":{"start":{"line":102,"column":6},"end":{"line":104,"column":6}}},"9":{"name":"onlyAdmin","line":109,"loc":{"start":{"line":109,"column":2},"end":{"line":112,"column":2}}}},"statementMap":{"1":{"start":{"line":32,"column":4},"end":{"line":32,"column":74}},"2":{"start":{"line":37,"column":4},"end":{"line":37,"column":64}},"3":{"start":{"line":38,"column":4},"end":{"line":38,"column":19}},"4":{"start":{"line":39,"column":4},"end":{"line":39,"column":21}},"5":{"start":{"line":40,"column":4},"end":{"line":40,"column":21}},"6":{"start":{"line":41,"column":4},"end":{"line":41,"column":25}},"7":{"start":{"line":42,"column":4},"end":{"line":42,"column":38}},"8":{"start":{"line":50,"column":6},"end":{"line":50,"column":1336}},"9":{"start":{"line":51,"column":8},"end":{"line":51,"column":51}},"10":{"start":{"line":64,"column":4},"end":{"line":64,"column":59}},"11":{"start":{"line":65,"column":4},"end":{"line":65,"column":59}},"12":{"start":{"line":66,"column":4},"end":{"line":66,"column":58}},"13":{"start":{"line":68,"column":4},"end":{"line":68,"column":1787}},"14":{"start":{"line":69,"column":6},"end":{"line":69,"column":36}},"15":{"start":{"line":70,"column":6},"end":{"line":70,"column":36}},"16":{"start":{"line":71,"column":6},"end":{"line":71,"column":31}},"17":{"start":{"line":73,"column":4},"end":{"line":73,"column":28}},"18":{"start":{"line":85,"column":4},"end":{"line":85,"column":30}},"19":{"start":{"line":86,"column":4},"end":{"line":86,"column":80}},"20":{"start":{"line":93,"column":6},"end":{"line":93,"column":67}},"21":{"start":{"line":99,"column":6},"end":{"line":99,"column":68}},"22":{"start":{"line":103,"column":4},"end":{"line":103,"column":66}},"23":{"start":{"line":110,"column":4},"end":{"line":110,"column":72}}},"branchMap":{"1":{"line":110,"type":"if","locations":[{"start":{"line":110,"column":4},"end":{"line":110,"column":4}},{"start":{"line":110,"column":4},"end":{"line":110,"column":4}}]}}},"contracts\\Voting.sol":{"l":{"19":6,"49":0,"51":0,"54":0,"58":0,"59":0,"65":0,"66":0,"67":0,"68":0,"74":0,"75":0,"76":0,"77":0,"81":0,"83":0,"90":1,"91":1,"92":1,"93":1,"94":1,"95":1,"97":1,"98":2,"102":1,"112":0,"114":0,"115":0,"130":0,"131":0,"132":0,"134":0,"135":0,"136":0,"139":0,"156":0,"157":0,"158":0,"159":0,"160":0,"164":0,"165":0,"166":0,"167":0,"168":0,"169":0,"170":0,"174":0,"187":0,"188":0,"190":0,"191":0,"192":0,"196":0,"203":0,"204":0,"205":0,"210":0,"211":0,"212":0,"216":0,"217":0,"221":0,"222":0,"226":2,"231":1,"235":0,"242":0},"path":"C:\\Projects\\Web3\\Blockgames\\Voting\\packages\\hardhat\\contracts\\Voting.sol","s":{"1":6,"2":0,"3":0,"4":0,"5":0,"6":0,"7":0,"8":0,"9":0,"10":0,"11":0,"12":0,"13":0,"14":0,"15":0,"16":0,"17":1,"18":1,"19":1,"20":1,"21":1,"22":1,"23":1,"24":2,"25":0,"26":0,"27":0,"28":0,"29":0,"30":0,"31":0,"32":0,"33":0,"34":0,"35":0,"36":0,"37":0,"38":0,"39":0,"40":0,"41":0,"42":0,"43":0,"44":0,"45":0,"46":0,"47":0,"48":0,"49":0,"50":0,"51":0,"52":0,"53":0,"54":0,"55":0,"56":0,"57":0,"58":0,"59":0,"60":2,"61":0},"b":{"1":[0,0],"2":[0,0],"3":[0,0],"4":[0,0],"5":[0,0],"6":[0,0],"7":[1,1],"8":[0,0]},"f":{"1":6,"2":0,"3":0,"4":0,"5":0,"6":1,"7":0,"8":0,"9":0,"10":0,"11":0,"12":0,"13":0,"14":0,"15":2,"16":0},"fnMap":{"1":{"name":"constructor","line":18,"loc":{"start":{"line":18,"column":2},"end":{"line":20,"column":2}}},"2":{"name":"vote","line":47,"loc":{"start":{"line":45,"column":2},"end":{"line":60,"column":2}}},"3":{"name":"startElection","line":64,"loc":{"start":{"line":64,"column":2},"end":{"line":69,"column":2}}},"4":{"name":"stopElection","line":73,"loc":{"start":{"line":73,"column":2},"end":{"line":78,"column":2}}},"5":{"name":"getBlockNumbers","line":80,"loc":{"start":{"line":80,"column":2},"end":{"line":85,"column":2}}},"6":{"name":"addElection","line":88,"loc":{"start":{"line":87,"column":2},"end":{"line":103,"column":2}}},"7":{"name":"collateResult","line":110,"loc":{"start":{"line":107,"column":2},"end":{"line":117,"column":2}}},"8":{"name":"viewResults","line":121,"loc":{"start":{"line":121,"column":2},"end":{"line":140,"column":2}}},"9":{"name":"getElections","line":145,"loc":{"start":{"line":145,"column":2},"end":{"line":175,"column":2}}},"10":{"name":"getElection","line":177,"loc":{"start":{"line":177,"column":2},"end":{"line":197,"column":2}}},"11":{"name":"electionIsActive","line":202,"loc":{"start":{"line":202,"column":2},"end":{"line":206,"column":4}}},"12":{"name":"electionEnded","line":209,"loc":{"start":{"line":209,"column":2},"end":{"line":213,"column":2}}},"13":{"name":"onlyTeacher","line":215,"loc":{"start":{"line":215,"column":2},"end":{"line":218,"column":2}}},"14":{"name":"onlyChairman","line":220,"loc":{"start":{"line":220,"column":2},"end":{"line":223,"column":2}}},"15":{"name":"onlyChairmanOrTeacher","line":225,"loc":{"start":{"line":225,"column":2},"end":{"line":232,"column":2}}},"16":{"name":"onlyStakeholders","line":234,"loc":{"start":{"line":234,"column":2},"end":{"line":243,"column":2}}}},"statementMap":{"1":{"start":{"line":19,"column":4},"end":{"line":19,"column":30}},"2":{"start":{"line":49,"column":4},"end":{"line":49,"column":53}},"3":{"start":{"line":51,"column":4},"end":{"line":51,"column":62}},"4":{"start":{"line":54,"column":4},"end":{"line":54,"column":37}},"5":{"start":{"line":58,"column":4},"end":{"line":58,"column":40}},"6":{"start":{"line":59,"column":4},"end":{"line":59,"column":28}},"7":{"start":{"line":65,"column":4},"end":{"line":65,"column":53}},"8":{"start":{"line":66,"column":4},"end":{"line":66,"column":64}},"9":{"start":{"line":67,"column":4},"end":{"line":67,"column":35}},"10":{"start":{"line":68,"column":4},"end":{"line":68,"column":37}},"11":{"start":{"line":74,"column":4},"end":{"line":74,"column":53}},"12":{"start":{"line":75,"column":4},"end":{"line":75,"column":36}},"13":{"start":{"line":76,"column":4},"end":{"line":76,"column":34}},"14":{"start":{"line":77,"column":4},"end":{"line":77,"column":35}},"15":{"start":{"line":81,"column":4},"end":{"line":81,"column":53}},"16":{"start":{"line":83,"column":4},"end":{"line":83,"column":51}},"17":{"start":{"line":90,"column":4},"end":{"line":90,"column":58}},"18":{"start":{"line":91,"column":4},"end":{"line":91,"column":40}},"19":{"start":{"line":92,"column":4},"end":{"line":92,"column":51}},"20":{"start":{"line":93,"column":4},"end":{"line":93,"column":31}},"21":{"start":{"line":94,"column":4},"end":{"line":94,"column":36}},"22":{"start":{"line":95,"column":4},"end":{"line":95,"column":35}},"23":{"start":{"line":97,"column":4},"end":{"line":97,"column":2961}},"24":{"start":{"line":98,"column":6},"end":{"line":98,"column":46}},"25":{"start":{"line":112,"column":6},"end":{"line":112,"column":55}},"26":{"start":{"line":114,"column":6},"end":{"line":114,"column":3452}},"27":{"start":{"line":115,"column":8},"end":{"line":115,"column":55}},"28":{"start":{"line":130,"column":6},"end":{"line":130,"column":55}},"29":{"start":{"line":131,"column":6},"end":{"line":131,"column":79}},"30":{"start":{"line":132,"column":6},"end":{"line":132,"column":65}},"31":{"start":{"line":134,"column":6},"end":{"line":134,"column":3989}},"32":{"start":{"line":135,"column":8},"end":{"line":135,"column":48}},"33":{"start":{"line":136,"column":8},"end":{"line":136,"column":64}},"34":{"start":{"line":139,"column":6},"end":{"line":139,"column":53}},"35":{"start":{"line":156,"column":6},"end":{"line":156,"column":53}},"36":{"start":{"line":157,"column":6},"end":{"line":157,"column":70}},"37":{"start":{"line":158,"column":6},"end":{"line":158,"column":63}},"38":{"start":{"line":159,"column":6},"end":{"line":159,"column":59}},"39":{"start":{"line":160,"column":6},"end":{"line":160,"column":58}},"40":{"start":{"line":164,"column":6},"end":{"line":164,"column":4790}},"41":{"start":{"line":165,"column":8},"end":{"line":165,"column":115}},"42":{"start":{"line":166,"column":8},"end":{"line":166,"column":32}},"43":{"start":{"line":167,"column":8},"end":{"line":167,"column":30}},"44":{"start":{"line":168,"column":8},"end":{"line":168,"column":18}},"45":{"start":{"line":169,"column":8},"end":{"line":169,"column":30}},"46":{"start":{"line":170,"column":8},"end":{"line":170,"column":28}},"47":{"start":{"line":174,"column":6},"end":{"line":174,"column":61}},"48":{"start":{"line":187,"column":6},"end":{"line":187,"column":55}},"49":{"start":{"line":188,"column":6},"end":{"line":188,"column":76}},"50":{"start":{"line":190,"column":6},"end":{"line":190,"column":5503}},"51":{"start":{"line":191,"column":7},"end":{"line":191,"column":44}},"52":{"start":{"line":192,"column":11},"end":{"line":192,"column":65}},"53":{"start":{"line":196,"column":6},"end":{"line":196,"column":108}},"54":{"start":{"line":203,"column":4},"end":{"line":203,"column":53}},"55":{"start":{"line":204,"column":4},"end":{"line":204,"column":64}},"56":{"start":{"line":210,"column":4},"end":{"line":210,"column":53}},"57":{"start":{"line":211,"column":4},"end":{"line":211,"column":67}},"58":{"start":{"line":216,"column":8},"end":{"line":216,"column":102}},"59":{"start":{"line":221,"column":8},"end":{"line":221,"column":103}},"60":{"start":{"line":226,"column":8},"end":{"line":226,"column":6527}},"61":{"start":{"line":235,"column":8},"end":{"line":235,"column":6764}}},"branchMap":{"1":{"line":51,"type":"if","locations":[{"start":{"line":51,"column":4},"end":{"line":51,"column":4}},{"start":{"line":51,"column":4},"end":{"line":51,"column":4}}]},"2":{"line":66,"type":"if","locations":[{"start":{"line":66,"column":4},"end":{"line":66,"column":4}},{"start":{"line":66,"column":4},"end":{"line":66,"column":4}}]},"3":{"line":204,"type":"if","locations":[{"start":{"line":204,"column":4},"end":{"line":204,"column":4}},{"start":{"line":204,"column":4},"end":{"line":204,"column":4}}]},"4":{"line":211,"type":"if","locations":[{"start":{"line":211,"column":4},"end":{"line":211,"column":4}},{"start":{"line":211,"column":4},"end":{"line":211,"column":4}}]},"5":{"line":216,"type":"if","locations":[{"start":{"line":216,"column":8},"end":{"line":216,"column":8}},{"start":{"line":216,"column":8},"end":{"line":216,"column":8}}]},"6":{"line":221,"type":"if","locations":[{"start":{"line":221,"column":8},"end":{"line":221,"column":8}},{"start":{"line":221,"column":8},"end":{"line":221,"column":8}}]},"7":{"line":226,"type":"if","locations":[{"start":{"line":226,"column":8},"end":{"line":226,"column":8}},{"start":{"line":226,"column":8},"end":{"line":226,"column":8}}]},"8":{"line":235,"type":"if","locations":[{"start":{"line":235,"column":8},"end":{"line":235,"column":8}},{"start":{"line":235,"column":8},"end":{"line":235,"column":8}}]}}}}