{"contracts\\School.sol":{"l":{"26":15,"31":3,"32":3,"33":3,"34":3,"35":3,"36":3,"37":3,"44":1,"45":2,"58":2,"59":2,"60":2,"62":2,"63":4,"64":4,"65":4,"67":2,"79":2,"80":2,"87":4,"93":1,"97":13,"101":11,"102":8},"path":"C:\\Projects\\Web3\\Blockgames\\Voting\\packages\\hardhat\\contracts\\School.sol","s":{"1":15,"2":3,"3":3,"4":3,"5":3,"6":3,"7":3,"8":1,"9":2,"10":2,"11":2,"12":2,"13":2,"14":4,"15":4,"16":4,"17":2,"18":2,"19":2,"20":4,"21":1,"22":13,"23":11},"b":{"1":[8,3]},"f":{"1":15,"2":3,"3":1,"4":2,"5":2,"6":4,"7":1,"8":13,"9":11},"fnMap":{"1":{"name":"constructor","line":24,"loc":{"start":{"line":24,"column":2},"end":{"line":27,"column":2}}},"2":{"name":"addStakeholder","line":30,"loc":{"start":{"line":30,"column":2},"end":{"line":39,"column":2}}},"3":{"name":"addStakeholders","line":42,"loc":{"start":{"line":42,"column":2},"end":{"line":47,"column":2}}},"4":{"name":"getStakeholders","line":50,"loc":{"start":{"line":50,"column":2},"end":{"line":68,"column":2}}},"5":{"name":"getStakeholder","line":71,"loc":{"start":{"line":71,"column":2},"end":{"line":81,"column":2}}},"6":{"name":"assignRole","line":86,"loc":{"start":{"line":86,"column":2},"end":{"line":88,"column":2}}},"7":{"name":"revokeRole","line":92,"loc":{"start":{"line":92,"column":2},"end":{"line":94,"column":2}}},"8":{"name":"hasRole","line":96,"loc":{"start":{"line":96,"column":6},"end":{"line":98,"column":6}}},"9":{"name":"onlyAdmin","line":100,"loc":{"start":{"line":100,"column":2},"end":{"line":103,"column":2}}}},"statementMap":{"1":{"start":{"line":26,"column":4},"end":{"line":26,"column":69}},"2":{"start":{"line":31,"column":4},"end":{"line":31,"column":64}},"3":{"start":{"line":32,"column":4},"end":{"line":32,"column":19}},"4":{"start":{"line":33,"column":4},"end":{"line":33,"column":21}},"5":{"start":{"line":34,"column":4},"end":{"line":34,"column":21}},"6":{"start":{"line":35,"column":4},"end":{"line":35,"column":25}},"7":{"start":{"line":36,"column":4},"end":{"line":36,"column":38}},"8":{"start":{"line":44,"column":6},"end":{"line":44,"column":1255}},"9":{"start":{"line":45,"column":8},"end":{"line":45,"column":51}},"10":{"start":{"line":58,"column":4},"end":{"line":58,"column":59}},"11":{"start":{"line":59,"column":4},"end":{"line":59,"column":59}},"12":{"start":{"line":60,"column":4},"end":{"line":60,"column":58}},"13":{"start":{"line":62,"column":4},"end":{"line":62,"column":1706}},"14":{"start":{"line":63,"column":6},"end":{"line":63,"column":36}},"15":{"start":{"line":64,"column":6},"end":{"line":64,"column":36}},"16":{"start":{"line":65,"column":6},"end":{"line":65,"column":31}},"17":{"start":{"line":67,"column":4},"end":{"line":67,"column":28}},"18":{"start":{"line":79,"column":4},"end":{"line":79,"column":30}},"19":{"start":{"line":80,"column":4},"end":{"line":80,"column":80}},"20":{"start":{"line":87,"column":6},"end":{"line":87,"column":67}},"21":{"start":{"line":93,"column":6},"end":{"line":93,"column":68}},"22":{"start":{"line":97,"column":4},"end":{"line":97,"column":66}},"23":{"start":{"line":101,"column":4},"end":{"line":101,"column":72}}},"branchMap":{"1":{"line":101,"type":"if","locations":[{"start":{"line":101,"column":4},"end":{"line":101,"column":4}},{"start":{"line":101,"column":4},"end":{"line":101,"column":4}}]}}},"contracts\\Voting.sol":{"l":{"12":6,"39":0,"41":0,"44":0,"48":0,"54":0,"55":0,"56":0,"57":0,"63":0,"64":0,"65":0,"66":0,"70":0,"72":0,"79":0,"80":0,"81":0,"82":0,"83":0,"84":0,"86":0,"87":0,"91":0,"101":0,"103":0,"104":0,"119":0,"120":0,"121":0,"123":0,"124":0,"125":0,"128":0,"145":0,"146":0,"147":0,"148":0,"149":0,"153":0,"154":0,"155":0,"156":0,"157":0,"158":0,"159":0,"163":0,"176":0,"177":0,"179":0,"180":0,"181":0,"185":0,"192":0,"193":0,"194":0,"199":0,"200":0,"201":0,"205":0,"206":0,"210":0,"211":0,"215":1,"220":0,"224":0,"231":0},"path":"C:\\Projects\\Web3\\Blockgames\\Voting\\packages\\hardhat\\contracts\\Voting.sol","s":{"1":6,"2":0,"3":0,"4":0,"5":0,"6":0,"7":0,"8":0,"9":0,"10":0,"11":0,"12":0,"13":0,"14":0,"15":0,"16":0,"17":0,"18":0,"19":0,"20":0,"21":0,"22":0,"23":0,"24":0,"25":0,"26":0,"27":0,"28":0,"29":0,"30":0,"31":0,"32":0,"33":0,"34":0,"35":0,"36":0,"37":0,"38":0,"39":0,"40":0,"41":0,"42":0,"43":0,"44":0,"45":0,"46":0,"47":0,"48":0,"49":0,"50":0,"51":0,"52":0,"53":0,"54":0,"55":0,"56":0,"57":0,"58":0,"59":1,"60":0},"b":{"1":[0,0],"2":[0,0],"3":[0,0],"4":[0,0],"5":[0,0],"6":[0,0],"7":[0,1],"8":[0,0]},"f":{"1":6,"2":0,"3":0,"4":0,"5":0,"6":0,"7":0,"8":0,"9":0,"10":0,"11":0,"12":0,"13":0,"14":0,"15":1,"16":0},"fnMap":{"1":{"name":"constructor","line":11,"loc":{"start":{"line":11,"column":2},"end":{"line":13,"column":2}}},"2":{"name":"vote","line":37,"loc":{"start":{"line":35,"column":2},"end":{"line":49,"column":2}}},"3":{"name":"startElection","line":53,"loc":{"start":{"line":53,"column":2},"end":{"line":58,"column":2}}},"4":{"name":"stopElection","line":62,"loc":{"start":{"line":62,"column":2},"end":{"line":67,"column":2}}},"5":{"name":"getBlockNumbers","line":69,"loc":{"start":{"line":69,"column":2},"end":{"line":74,"column":2}}},"6":{"name":"addElection","line":77,"loc":{"start":{"line":76,"column":2},"end":{"line":92,"column":2}}},"7":{"name":"collateResult","line":99,"loc":{"start":{"line":96,"column":2},"end":{"line":106,"column":2}}},"8":{"name":"viewResults","line":110,"loc":{"start":{"line":110,"column":2},"end":{"line":129,"column":2}}},"9":{"name":"getElections","line":134,"loc":{"start":{"line":134,"column":2},"end":{"line":164,"column":2}}},"10":{"name":"getElection","line":166,"loc":{"start":{"line":166,"column":2},"end":{"line":186,"column":2}}},"11":{"name":"electionIsActive","line":191,"loc":{"start":{"line":191,"column":2},"end":{"line":195,"column":4}}},"12":{"name":"electionEnded","line":198,"loc":{"start":{"line":198,"column":2},"end":{"line":202,"column":2}}},"13":{"name":"onlyTeacher","line":204,"loc":{"start":{"line":204,"column":2},"end":{"line":207,"column":2}}},"14":{"name":"onlyChairman","line":209,"loc":{"start":{"line":209,"column":2},"end":{"line":212,"column":2}}},"15":{"name":"onlyChairmanOrTeacher","line":214,"loc":{"start":{"line":214,"column":2},"end":{"line":221,"column":2}}},"16":{"name":"onlyStakeholders","line":223,"loc":{"start":{"line":223,"column":2},"end":{"line":232,"column":2}}}},"statementMap":{"1":{"start":{"line":12,"column":4},"end":{"line":12,"column":30}},"2":{"start":{"line":39,"column":4},"end":{"line":39,"column":53}},"3":{"start":{"line":41,"column":4},"end":{"line":41,"column":62}},"4":{"start":{"line":44,"column":4},"end":{"line":44,"column":37}},"5":{"start":{"line":48,"column":4},"end":{"line":48,"column":40}},"6":{"start":{"line":54,"column":4},"end":{"line":54,"column":53}},"7":{"start":{"line":55,"column":4},"end":{"line":55,"column":64}},"8":{"start":{"line":56,"column":4},"end":{"line":56,"column":35}},"9":{"start":{"line":57,"column":4},"end":{"line":57,"column":37}},"10":{"start":{"line":63,"column":4},"end":{"line":63,"column":53}},"11":{"start":{"line":64,"column":4},"end":{"line":64,"column":36}},"12":{"start":{"line":65,"column":4},"end":{"line":65,"column":34}},"13":{"start":{"line":66,"column":4},"end":{"line":66,"column":35}},"14":{"start":{"line":70,"column":4},"end":{"line":70,"column":53}},"15":{"start":{"line":72,"column":4},"end":{"line":72,"column":51}},"16":{"start":{"line":79,"column":4},"end":{"line":79,"column":58}},"17":{"start":{"line":80,"column":4},"end":{"line":80,"column":40}},"18":{"start":{"line":81,"column":4},"end":{"line":81,"column":51}},"19":{"start":{"line":82,"column":4},"end":{"line":82,"column":31}},"20":{"start":{"line":83,"column":4},"end":{"line":83,"column":36}},"21":{"start":{"line":84,"column":4},"end":{"line":84,"column":35}},"22":{"start":{"line":86,"column":4},"end":{"line":86,"column":2421}},"23":{"start":{"line":87,"column":6},"end":{"line":87,"column":46}},"24":{"start":{"line":101,"column":6},"end":{"line":101,"column":55}},"25":{"start":{"line":103,"column":6},"end":{"line":103,"column":2838}},"26":{"start":{"line":104,"column":8},"end":{"line":104,"column":55}},"27":{"start":{"line":119,"column":6},"end":{"line":119,"column":55}},"28":{"start":{"line":120,"column":6},"end":{"line":120,"column":79}},"29":{"start":{"line":121,"column":6},"end":{"line":121,"column":65}},"30":{"start":{"line":123,"column":6},"end":{"line":123,"column":3375}},"31":{"start":{"line":124,"column":8},"end":{"line":124,"column":48}},"32":{"start":{"line":125,"column":8},"end":{"line":125,"column":64}},"33":{"start":{"line":128,"column":6},"end":{"line":128,"column":53}},"34":{"start":{"line":145,"column":6},"end":{"line":145,"column":53}},"35":{"start":{"line":146,"column":6},"end":{"line":146,"column":70}},"36":{"start":{"line":147,"column":6},"end":{"line":147,"column":63}},"37":{"start":{"line":148,"column":6},"end":{"line":148,"column":59}},"38":{"start":{"line":149,"column":6},"end":{"line":149,"column":58}},"39":{"start":{"line":153,"column":6},"end":{"line":153,"column":4176}},"40":{"start":{"line":154,"column":8},"end":{"line":154,"column":115}},"41":{"start":{"line":155,"column":8},"end":{"line":155,"column":32}},"42":{"start":{"line":156,"column":8},"end":{"line":156,"column":30}},"43":{"start":{"line":157,"column":8},"end":{"line":157,"column":18}},"44":{"start":{"line":158,"column":8},"end":{"line":158,"column":30}},"45":{"start":{"line":159,"column":8},"end":{"line":159,"column":28}},"46":{"start":{"line":163,"column":6},"end":{"line":163,"column":61}},"47":{"start":{"line":176,"column":6},"end":{"line":176,"column":55}},"48":{"start":{"line":177,"column":6},"end":{"line":177,"column":76}},"49":{"start":{"line":179,"column":6},"end":{"line":179,"column":4889}},"50":{"start":{"line":180,"column":7},"end":{"line":180,"column":44}},"51":{"start":{"line":181,"column":11},"end":{"line":181,"column":65}},"52":{"start":{"line":185,"column":6},"end":{"line":185,"column":108}},"53":{"start":{"line":192,"column":4},"end":{"line":192,"column":53}},"54":{"start":{"line":193,"column":4},"end":{"line":193,"column":64}},"55":{"start":{"line":199,"column":4},"end":{"line":199,"column":53}},"56":{"start":{"line":200,"column":4},"end":{"line":200,"column":67}},"57":{"start":{"line":205,"column":8},"end":{"line":205,"column":102}},"58":{"start":{"line":210,"column":8},"end":{"line":210,"column":103}},"59":{"start":{"line":215,"column":8},"end":{"line":215,"column":5913}},"60":{"start":{"line":224,"column":8},"end":{"line":224,"column":6150}}},"branchMap":{"1":{"line":41,"type":"if","locations":[{"start":{"line":41,"column":4},"end":{"line":41,"column":4}},{"start":{"line":41,"column":4},"end":{"line":41,"column":4}}]},"2":{"line":55,"type":"if","locations":[{"start":{"line":55,"column":4},"end":{"line":55,"column":4}},{"start":{"line":55,"column":4},"end":{"line":55,"column":4}}]},"3":{"line":193,"type":"if","locations":[{"start":{"line":193,"column":4},"end":{"line":193,"column":4}},{"start":{"line":193,"column":4},"end":{"line":193,"column":4}}]},"4":{"line":200,"type":"if","locations":[{"start":{"line":200,"column":4},"end":{"line":200,"column":4}},{"start":{"line":200,"column":4},"end":{"line":200,"column":4}}]},"5":{"line":205,"type":"if","locations":[{"start":{"line":205,"column":8},"end":{"line":205,"column":8}},{"start":{"line":205,"column":8},"end":{"line":205,"column":8}}]},"6":{"line":210,"type":"if","locations":[{"start":{"line":210,"column":8},"end":{"line":210,"column":8}},{"start":{"line":210,"column":8},"end":{"line":210,"column":8}}]},"7":{"line":215,"type":"if","locations":[{"start":{"line":215,"column":8},"end":{"line":215,"column":8}},{"start":{"line":215,"column":8},"end":{"line":215,"column":8}}]},"8":{"line":224,"type":"if","locations":[{"start":{"line":224,"column":8},"end":{"line":224,"column":8}},{"start":{"line":224,"column":8},"end":{"line":224,"column":8}}]}}}}